This is pdfTeX, Version 3.14159265-2.6-1.40.15 (MiKTeX 2.9 64-bit) (preloaded format=pdflatex 2015.2.22)  15 SEP 2015 23:18
entering extended mode
**"D:/Neo Zero/UBA/Dropbox/Tesis/ActualGit/Tesis/Tesis.tex"
("D:/Neo Zero/UBA/Dropbox/Tesis/ActualGit/Tesis/Tesis.tex"
LaTeX2e <2014/05/01>
Babel <3.9l> and hyphenation patterns for 68 languages loaded.
("C:\Program Files\MiKTeX 2.9\tex\latex\base\book.cls"
Document Class: book 2014/09/29 v1.4h Standard LaTeX document class
("C:\Program Files\MiKTeX 2.9\tex\latex\base\bk11.clo"
File: bk11.clo 2014/09/29 v1.4h Standard LaTeX file (size option)
)
\c@part=\count79
\c@chapter=\count80
\c@section=\count81
\c@subsection=\count82
\c@subsubsection=\count83
\c@paragraph=\count84
\c@subparagraph=\count85
\c@figure=\count86
\c@table=\count87
\abovecaptionskip=\skip41
\belowcaptionskip=\skip42
\bibindent=\dimen102
)
("C:\Program Files\MiKTeX 2.9\tex\latex\caption\caption.sty"
Package: caption 2013/05/02 v3.3-89 Customizing captions (AR)

("C:\Program Files\MiKTeX 2.9\tex\latex\caption\caption3.sty"
Package: caption3 2013/05/02 v1.6-88 caption3 kernel (AR)
Package caption3 Info: TeX engine: e-TeX on input line 57.

("C:\Program Files\MiKTeX 2.9\tex\latex\graphics\keyval.sty"
Package: keyval 2014/10/28 v1.15 key=value parser (DPC)
\KV@toks@=\toks14
)
\captionmargin=\dimen103
\captionmargin@=\dimen104
\captionwidth=\dimen105
\caption@tempdima=\dimen106
\caption@indent=\dimen107
\caption@parindent=\dimen108
\caption@hangindent=\dimen109
)
\c@ContinuedFloat=\count88
)
("C:\Program Files\MiKTeX 2.9\tex\latex\appendix\appendix.sty"
Package: appendix 2009/09/02 v1.2b extra appendix facilities
\c@@pps=\count89
\c@@ppsavesec=\count90
\c@@ppsaveapp=\count91
)
("C:\Program Files\MiKTeX 2.9\tex\latex\tools\enumerate.sty"
Package: enumerate 2014/10/28 v3.00 enumerate extensions (DPC)
\@enLab=\toks15
)
("C:\Program Files\MiKTeX 2.9\tex\latex\base\textcomp.sty"
Package: textcomp 2005/09/27 v1.99g Standard LaTeX package
Package textcomp Info: Sub-encoding information:
(textcomp)               5 = only ISO-Adobe without \textcurrency
(textcomp)               4 = 5 + \texteuro
(textcomp)               3 = 4 + \textohm
(textcomp)               2 = 3 + \textestimated + \textcurrency
(textcomp)               1 = TS1 - \textcircled - \t
(textcomp)               0 = TS1 (full)
(textcomp)             Font families with sub-encoding setting implement
(textcomp)             only a restricted character set as indicated.
(textcomp)             Family '?' is the default used for unknown fonts.
(textcomp)             See the documentation for details.
Package textcomp Info: Setting ? sub-encoding to TS1/1 on input line 71.

("C:\Program Files\MiKTeX 2.9\tex\latex\base\ts1enc.def"
File: ts1enc.def 2001/06/05 v3.0e (jk/car/fm) Standard LaTeX file
)
LaTeX Info: Redefining \oldstylenums on input line 266.
Package textcomp Info: Setting cmr sub-encoding to TS1/0 on input line 281.
Package textcomp Info: Setting cmss sub-encoding to TS1/0 on input line 282.
Package textcomp Info: Setting cmtt sub-encoding to TS1/0 on input line 283.
Package textcomp Info: Setting cmvtt sub-encoding to TS1/0 on input line 284.
Package textcomp Info: Setting cmbr sub-encoding to TS1/0 on input line 285.
Package textcomp Info: Setting cmtl sub-encoding to TS1/0 on input line 286.
Package textcomp Info: Setting ccr sub-encoding to TS1/0 on input line 287.
Package textcomp Info: Setting ptm sub-encoding to TS1/4 on input line 288.
Package textcomp Info: Setting pcr sub-encoding to TS1/4 on input line 289.
Package textcomp Info: Setting phv sub-encoding to TS1/4 on input line 290.
Package textcomp Info: Setting ppl sub-encoding to TS1/3 on input line 291.
Package textcomp Info: Setting pag sub-encoding to TS1/4 on input line 292.
Package textcomp Info: Setting pbk sub-encoding to TS1/4 on input line 293.
Package textcomp Info: Setting pnc sub-encoding to TS1/4 on input line 294.
Package textcomp Info: Setting pzc sub-encoding to TS1/4 on input line 295.
Package textcomp Info: Setting bch sub-encoding to TS1/4 on input line 296.
Package textcomp Info: Setting put sub-encoding to TS1/5 on input line 297.
Package textcomp Info: Setting uag sub-encoding to TS1/5 on input line 298.
Package textcomp Info: Setting ugq sub-encoding to TS1/5 on input line 299.
Package textcomp Info: Setting ul8 sub-encoding to TS1/4 on input line 300.
Package textcomp Info: Setting ul9 sub-encoding to TS1/4 on input line 301.
Package textcomp Info: Setting augie sub-encoding to TS1/5 on input line 302.
Package textcomp Info: Setting dayrom sub-encoding to TS1/3 on input line 303.
Package textcomp Info: Setting dayroms sub-encoding to TS1/3 on input line 304.

Package textcomp Info: Setting pxr sub-encoding to TS1/0 on input line 305.
Package textcomp Info: Setting pxss sub-encoding to TS1/0 on input line 306.
Package textcomp Info: Setting pxtt sub-encoding to TS1/0 on input line 307.
Package textcomp Info: Setting txr sub-encoding to TS1/0 on input line 308.
Package textcomp Info: Setting txss sub-encoding to TS1/0 on input line 309.
Package textcomp Info: Setting txtt sub-encoding to TS1/0 on input line 310.
Package textcomp Info: Setting lmr sub-encoding to TS1/0 on input line 311.
Package textcomp Info: Setting lmdh sub-encoding to TS1/0 on input line 312.
Package textcomp Info: Setting lmss sub-encoding to TS1/0 on input line 313.
Package textcomp Info: Setting lmssq sub-encoding to TS1/0 on input line 314.
Package textcomp Info: Setting lmvtt sub-encoding to TS1/0 on input line 315.
Package textcomp Info: Setting qhv sub-encoding to TS1/0 on input line 316.
Package textcomp Info: Setting qag sub-encoding to TS1/0 on input line 317.
Package textcomp Info: Setting qbk sub-encoding to TS1/0 on input line 318.
Package textcomp Info: Setting qcr sub-encoding to TS1/0 on input line 319.
Package textcomp Info: Setting qcs sub-encoding to TS1/0 on input line 320.
Package textcomp Info: Setting qpl sub-encoding to TS1/0 on input line 321.
Package textcomp Info: Setting qtm sub-encoding to TS1/0 on input line 322.
Package textcomp Info: Setting qzc sub-encoding to TS1/0 on input line 323.
Package textcomp Info: Setting qhvc sub-encoding to TS1/0 on input line 324.
Package textcomp Info: Setting futs sub-encoding to TS1/4 on input line 325.
Package textcomp Info: Setting futx sub-encoding to TS1/4 on input line 326.
Package textcomp Info: Setting futj sub-encoding to TS1/4 on input line 327.
Package textcomp Info: Setting hlh sub-encoding to TS1/3 on input line 328.
Package textcomp Info: Setting hls sub-encoding to TS1/3 on input line 329.
Package textcomp Info: Setting hlst sub-encoding to TS1/3 on input line 330.
Package textcomp Info: Setting hlct sub-encoding to TS1/5 on input line 331.
Package textcomp Info: Setting hlx sub-encoding to TS1/5 on input line 332.
Package textcomp Info: Setting hlce sub-encoding to TS1/5 on input line 333.
Package textcomp Info: Setting hlcn sub-encoding to TS1/5 on input line 334.
Package textcomp Info: Setting hlcw sub-encoding to TS1/5 on input line 335.
Package textcomp Info: Setting hlcf sub-encoding to TS1/5 on input line 336.
Package textcomp Info: Setting pplx sub-encoding to TS1/3 on input line 337.
Package textcomp Info: Setting pplj sub-encoding to TS1/3 on input line 338.
Package textcomp Info: Setting ptmx sub-encoding to TS1/4 on input line 339.
Package textcomp Info: Setting ptmj sub-encoding to TS1/4 on input line 340.
)
("C:\Program Files\MiKTeX 2.9\tex\latex\was\gensymb.sty"
Package: gensymb 2003/07/02 v1.0 (WaS)
)
("C:\Program Files\MiKTeX 2.9\tex\latex\amsfonts\amssymb.sty"
Package: amssymb 2013/01/14 v3.01 AMS font symbols

("C:\Program Files\MiKTeX 2.9\tex\latex\amsfonts\amsfonts.sty"
Package: amsfonts 2013/01/14 v3.01 Basic AMSFonts support
\@emptytoks=\toks16
\symAMSa=\mathgroup4
\symAMSb=\mathgroup5
LaTeX Font Info:    Overwriting math alphabet `\mathfrak' in version `bold'
(Font)                  U/euf/m/n --> U/euf/b/n on input line 106.
))
\@input{config.aux}
(config.tex) (TeXiS/TeXiS.sty
("C:\Program Files\MiKTeX 2.9\tex\latex\float\float.sty"
Package: float 2001/11/08 v1.3d Float enhancements (AL)
\c@float@type=\count92
\float@exts=\toks17
\float@box=\box26
\@float@everytoks=\toks18
\@floatcapt=\box27
)
Package: TeXiS/TeXiS 

("C:\Program Files\MiKTeX 2.9\tex\latex\tools\verbatim.sty"
Package: verbatim 2014/10/28 v1.5q LaTeX2e package for verbatim enhancements
\every@verbatim=\toks19
\verbatim@line=\toks20
\verbatim@in@stream=\read1
)
\example@out=\write3

\@input{TeXiS/TeXiS_pream.aux}
(TeXiS/TeXiS_pream.tex ("C:\Program Files\MiKTeX 2.9\tex\latex\base\shortvrb.st
y"
Package: shortvrb 2014/09/29 v2.1e Standard LaTeX documentation package (FMi)
) ("C:\Program Files\MiKTeX 2.9\tex\latex\base\inputenc.sty"
Package: inputenc 2014/04/30 v1.2b Input encoding file
\inpenc@prehook=\toks21
\inpenc@posthook=\toks22

("C:\Program Files\MiKTeX 2.9\tex\latex\base\latin1.def"
File: latin1.def 2014/04/30 v1.2b Input encoding file
))
("C:\Program Files\MiKTeX 2.9\tex\latex\natbib\natbib.sty"
Package: natbib 2010/09/13 8.31b (PWD, AO)
\bibhang=\skip43
\bibsep=\skip44
LaTeX Info: Redefining \cite on input line 694.
\c@NAT@ctr=\count93
)
("C:\Program Files\MiKTeX 2.9\tex\latex\babel\babel.sty"
Package: babel 2014/09/25 3.9l The Babel package

*************************************
* Local config file bblopts.cfg used
*
("C:\Program Files\MiKTeX 2.9\tex\latex\00miktex\bblopts.cfg"
File: bblopts.cfg 2006/07/31 v1.0 MiKTeX 'babel' configuration
)
("C:\Program Files\MiKTeX 2.9\tex\latex\babel-english\english.ldf"
Language: english 2012/08/20 v3.3p English support from the babel system

("C:\Program Files\MiKTeX 2.9\tex\latex\babel\babel.def"
File: babel.def 2014/09/25 3.9l Babel common definitions
\babel@savecnt=\count94
\U@D=\dimen110
)
\l@canadian = a dialect from \language\l@american 
\l@australian = a dialect from \language\l@british 
\l@newzealand = a dialect from \language\l@british 
))
("C:\Program Files\MiKTeX 2.9\tex\latex\url\url.sty"
\Urlmuskip=\muskip10
Package: url 2013/09/16  ver 3.4  Verb mode for urls, etc.
)
("C:\Program Files\MiKTeX 2.9\tex\generic\oberdiek\ifpdf.sty"
Package: ifpdf 2011/01/30 v2.3 Provides the ifpdf switch (HO)
Package ifpdf Info: pdfTeX in PDF mode is detected.
)
("C:\Program Files\MiKTeX 2.9\tex\latex\hyperref\hyperref.sty"
Package: hyperref 2012/11/06 v6.83m Hypertext links for LaTeX

("C:\Program Files\MiKTeX 2.9\tex\generic\oberdiek\hobsub-hyperref.sty"
Package: hobsub-hyperref 2012/04/25 v1.12 Bundle oberdiek, subset hyperref (HO)


("C:\Program Files\MiKTeX 2.9\tex\generic\oberdiek\hobsub-generic.sty"
Package: hobsub-generic 2012/04/25 v1.12 Bundle oberdiek, subset generic (HO)
Package: hobsub 2012/04/25 v1.12 Construct package bundles (HO)
Package: infwarerr 2010/04/08 v1.3 Providing info/warning/error messages (HO)
Package: ltxcmds 2011/11/09 v1.22 LaTeX kernel commands for general use (HO)
Package: ifluatex 2010/03/01 v1.3 Provides the ifluatex switch (HO)
Package ifluatex Info: LuaTeX not detected.
Package: ifvtex 2010/03/01 v1.5 Detect VTeX and its facilities (HO)
Package ifvtex Info: VTeX not detected.
Package: intcalc 2007/09/27 v1.1 Expandable calculations with integers (HO)
Package hobsub Info: Skipping package `ifpdf' (already loaded).
Package: etexcmds 2011/02/16 v1.5 Avoid name clashes with e-TeX commands (HO)
Package etexcmds Info: Could not find \expanded.
(etexcmds)             That can mean that you are not using pdfTeX 1.50 or
(etexcmds)             that some package has redefined \expanded.
(etexcmds)             In the latter case, load this package earlier.
Package: kvsetkeys 2012/04/25 v1.16 Key value parser (HO)
Package: kvdefinekeys 2011/04/07 v1.3 Define keys (HO)
Package: pdftexcmds 2011/11/29 v0.20 Utility functions of pdfTeX for LuaTeX (HO
)
Package pdftexcmds Info: LuaTeX not detected.
Package pdftexcmds Info: \pdf@primitive is available.
Package pdftexcmds Info: \pdf@ifprimitive is available.
Package pdftexcmds Info: \pdfdraftmode found.
Package: pdfescape 2011/11/25 v1.13 Implements pdfTeX's escape features (HO)
Package: bigintcalc 2012/04/08 v1.3 Expandable calculations on big integers (HO
)
Package: bitset 2011/01/30 v1.1 Handle bit-vector datatype (HO)
Package: uniquecounter 2011/01/30 v1.2 Provide unlimited unique counter (HO)
)
Package hobsub Info: Skipping package `hobsub' (already loaded).
Package: letltxmacro 2010/09/02 v1.4 Let assignment for LaTeX macros (HO)
Package: hopatch 2011/06/24 v1.1 Wrapper for package hooks (HO)
Package: xcolor-patch 2011/01/30 xcolor patch
Package: atveryend 2011/06/30 v1.8 Hooks at the very end of document (HO)
Package atveryend Info: \enddocument detected (standard20110627).
Package: atbegshi 2011/10/05 v1.16 At begin shipout hook (HO)
Package: refcount 2011/10/16 v3.4 Data extraction from label references (HO)
Package: hycolor 2011/01/30 v1.7 Color options for hyperref/bookmark (HO)
)
("C:\Program Files\MiKTeX 2.9\tex\generic\ifxetex\ifxetex.sty"
Package: ifxetex 2010/09/12 v0.6 Provides ifxetex conditional
)
("C:\Program Files\MiKTeX 2.9\tex\latex\oberdiek\auxhook.sty"
Package: auxhook 2011/03/04 v1.3 Hooks for auxiliary files (HO)
)
("C:\Program Files\MiKTeX 2.9\tex\latex\oberdiek\kvoptions.sty"
Package: kvoptions 2011/06/30 v3.11 Key value format for package options (HO)
)
\@linkdim=\dimen111
\Hy@linkcounter=\count95
\Hy@pagecounter=\count96

("C:\Program Files\MiKTeX 2.9\tex\latex\hyperref\pd1enc.def"
File: pd1enc.def 2012/11/06 v6.83m Hyperref: PDFDocEncoding definition (HO)
)
\Hy@SavedSpaceFactor=\count97

("C:\Program Files\MiKTeX 2.9\tex\latex\00miktex\hyperref.cfg"
File: hyperref.cfg 2002/06/06 v1.2 hyperref configuration of TeXLive
)

Package hyperref Warning: Invalid value `0'
(hyperref)                for option `pdfborder'.
(hyperref)                Option setting is ignored on input line 4319.

Package hyperref Info: Option `colorlinks' set `true' on input line 4319.
Package hyperref Info: Option `hyperindex' set `true' on input line 4319.
Package hyperref Info: Option `pdfpagelabels' set `true' on input line 4319.
Package hyperref Info: Hyper figures OFF on input line 4443.
Package hyperref Info: Link nesting OFF on input line 4448.
Package hyperref Info: Hyper index ON on input line 4451.
Package hyperref Info: Plain pages OFF on input line 4458.
Package hyperref Info: Backreferencing OFF on input line 4463.
Package hyperref Info: Implicit mode ON; LaTeX internals redefined.
Package hyperref Info: Bookmarks ON on input line 4688.
\c@Hy@tempcnt=\count98
LaTeX Info: Redefining \url on input line 5041.
\XeTeXLinkMargin=\dimen112
\Fld@menulength=\count99
\Field@Width=\dimen113
\Fld@charsize=\dimen114
Package hyperref Info: Hyper figures OFF on input line 6295.
Package hyperref Info: Link nesting OFF on input line 6300.
Package hyperref Info: Hyper index ON on input line 6303.
Package hyperref Info: backreferencing OFF on input line 6310.
Package hyperref Info: Link coloring ON on input line 6313.
Package hyperref Info: Link coloring with OCG OFF on input line 6320.
Package hyperref Info: PDF/A mode OFF on input line 6325.
LaTeX Info: Redefining \ref on input line 6365.
LaTeX Info: Redefining \pageref on input line 6369.
\Hy@abspage=\count100
\c@Item=\count101
\c@Hfootnote=\count102
)

Package hyperref Message: Driver (autodetected): hpdftex.

("C:\Program Files\MiKTeX 2.9\tex\latex\hyperref\hpdftex.def"
File: hpdftex.def 2012/11/06 v6.83m Hyperref driver for pdfTeX
\Fld@listcount=\count103
\c@bookmark@seq@number=\count104

("C:\Program Files\MiKTeX 2.9\tex\latex\oberdiek\rerunfilecheck.sty"
Package: rerunfilecheck 2011/04/15 v1.7 Rerun checks for auxiliary files (HO)
Package uniquecounter Info: New unique counter `rerunfilecheck' on input line 2
82.
)
\Hy@SectionHShift=\skip45
)
Package hyperref Info: Option `colorlinks' set `false' on input line 268.

("C:\Program Files\MiKTeX 2.9\tex\latex\base\makeidx.sty"
Package: makeidx 2014/09/29 v1.0m Standard LaTeX package
)
\@indexfile=\write4

Writing index file Tesis.idx
("C:\Program Files\MiKTeX 2.9\tex\latex\tools\multicol.sty"
Package: multicol 2014/10/28 v1.8i multicolumn formatting (FMi)
\c@tracingmulticols=\count105
\mult@box=\box28
\multicol@leftmargin=\dimen115
\c@unbalance=\count106
\c@collectmore=\count107
\doublecol@number=\count108
\multicoltolerance=\count109
\multicolpretolerance=\count110
\full@width=\dimen116
\page@free=\dimen117
\premulticols=\dimen118
\postmulticols=\dimen119
\multicolsep=\skip46
\multicolbaselineskip=\skip47
\partial@page=\box29
\last@line=\box30
\maxbalancingoverflow=\dimen120
\mult@rightbox=\box31
\mult@grightbox=\box32
\mult@gfirstbox=\box33
\mult@firstbox=\box34
\@tempa=\box35
\@tempa=\box36
\@tempa=\box37
\@tempa=\box38
\@tempa=\box39
\@tempa=\box40
\@tempa=\box41
\@tempa=\box42
\@tempa=\box43
\@tempa=\box44
\@tempa=\box45
\@tempa=\box46
\@tempa=\box47
\@tempa=\box48
\@tempa=\box49
\@tempa=\box50
\@tempa=\box51
\c@columnbadness=\count111
\c@finalcolumnbadness=\count112
\last@try=\dimen121
\multicolovershoot=\dimen122
\multicolundershoot=\dimen123
\mult@nat@firstbox=\box52
\colbreak@box=\box53
\mc@col@check@num=\count113
)
("C:\Program Files\MiKTeX 2.9\tex\latex\subfig\subfig.sty"
Package: subfig 2005/06/28 ver: 1.3 subfig package
\c@KVtest=\count114
\sf@farskip=\skip48
\sf@captopadj=\dimen124
\sf@capskip=\skip49
\sf@nearskip=\skip50
\c@subfigure=\count115
\c@subfigure@save=\count116
\c@lofdepth=\count117
\c@subtable=\count118
\c@subtable@save=\count119
\c@lotdepth=\count120
\sf@top=\skip51
\sf@bottom=\skip52
)
\sf@box=\box54

("C:\Program Files\MiKTeX 2.9\tex\latex\listings\listings.sty"
\lst@mode=\count121
\lst@gtempboxa=\box55
\lst@token=\toks23
\lst@length=\count122
\lst@currlwidth=\dimen125
\lst@column=\count123
\lst@pos=\count124
\lst@lostspace=\dimen126
\lst@width=\dimen127
\lst@newlines=\count125
\lst@lineno=\count126
\lst@maxwidth=\dimen128

("C:\Program Files\MiKTeX 2.9\tex\latex\listings\lstmisc.sty"
File: lstmisc.sty 2014/09/06 1.5e (Carsten Heinz)
\c@lstnumber=\count127
\lst@skipnumbers=\count128
\lst@framebox=\box56
)
("C:\Program Files\MiKTeX 2.9\tex\latex\listings\listings.cfg"
File: listings.cfg 2014/09/06 1.5e listings configuration
))
Package: listings 2014/09/06 1.5e (Carsten Heinz)

("C:\Program Files\MiKTeX 2.9\tex\latex\tools\tabularx.sty"
Package: tabularx 2014/10/28 v2.10 `tabularx' package (DPC)

("C:\Program Files\MiKTeX 2.9\tex\latex\tools\array.sty"
Package: array 2014/10/28 v2.4c Tabular extension package (FMi)
\col@sep=\dimen129
\extrarowheight=\dimen130
\NC@list=\toks24
\extratabsurround=\skip53
\backup@length=\skip54
)
\TX@col@width=\dimen131
\TX@old@table=\dimen132
\TX@old@col=\dimen133
\TX@target=\dimen134
\TX@delta=\dimen135
\TX@cols=\count129
\TX@ftn=\toks25
)
("C:\Program Files\MiKTeX 2.9\tex\latex\base\fontenc.sty"
Package: fontenc 2005/09/27 v1.99g Standard LaTeX package

("C:\Program Files\MiKTeX 2.9\tex\latex\base\t1enc.def"
File: t1enc.def 2005/09/27 v1.99g Standard LaTeX file
LaTeX Font Info:    Redeclaring font encoding T1 on input line 43.
))
("C:\Program Files\MiKTeX 2.9\tex\latex\graphics\epsfig.sty"
Package: epsfig 1999/02/16 v1.7a (e)psfig emulation (SPQR)

("C:\Program Files\MiKTeX 2.9\tex\latex\graphics\graphicx.sty"
Package: graphicx 2014/10/28 v1.0g Enhanced LaTeX Graphics (DPC,SPQR)

("C:\Program Files\MiKTeX 2.9\tex\latex\graphics\graphics.sty"
Package: graphics 2014/10/28 v1.0p Standard LaTeX Graphics (DPC,SPQR)

("C:\Program Files\MiKTeX 2.9\tex\latex\graphics\trig.sty"
Package: trig 1999/03/16 v1.09 sin cos tan (DPC)
)
("C:\Program Files\MiKTeX 2.9\tex\latex\00miktex\graphics.cfg"
File: graphics.cfg 2007/01/18 v1.5 graphics configuration of teTeX/TeXLive
)
Package graphics Info: Driver file: pdftex.def on input line 91.

("C:\Program Files\MiKTeX 2.9\tex\latex\pdftex-def\pdftex.def"
File: pdftex.def 2011/05/27 v0.06d Graphics/color for pdfTeX
\Gread@gobject=\count130
))
\Gin@req@height=\dimen136
\Gin@req@width=\dimen137
)
\epsfxsize=\dimen138
\epsfysize=\dimen139
)
("C:\Program Files\MiKTeX 2.9\tex\latex\tools\calc.sty"
Package: calc 2014/10/28 v4.3 Infix arithmetic (KKT,FJ)
\calc@Acount=\count131
\calc@Bcount=\count132
\calc@Adimen=\dimen140
\calc@Bdimen=\dimen141
\calc@Askip=\skip55
\calc@Bskip=\skip56
LaTeX Info: Redefining \setlength on input line 75.
LaTeX Info: Redefining \addtolength on input line 76.
\calc@Ccount=\count133
\calc@Cskip=\skip57
)
("C:\Program Files\MiKTeX 2.9\tex\latex\titlesec\titlesec.sty"
Package: titlesec 2011/12/15 v2.10.0 Sectioning titles
\ttl@box=\box57
\beforetitleunit=\skip58
\aftertitleunit=\skip59
\ttl@plus=\dimen142
\ttl@minus=\dimen143
\ttl@toksa=\toks26
\titlewidth=\dimen144
\titlewidthlast=\dimen145
\titlewidthfirst=\dimen146
))
\@input{TeXiS/TeXiS_cab.aux}
(TeXiS/TeXiS_cab.tex
("C:\Program Files\MiKTeX 2.9\tex\latex\fancyhdr\fancyhdr.sty"
\fancy@headwidth=\skip60
\f@ncyO@elh=\skip61
\f@ncyO@erh=\skip62
\f@ncyO@olh=\skip63
\f@ncyO@orh=\skip64
\f@ncyO@elf=\skip65
\f@ncyO@erf=\skip66
\f@ncyO@olf=\skip67
\f@ncyO@orf=\skip68
))
\@input{TeXiS/TeXiS_cover.aux}
(TeXiS/TeXiS_cover.tex)
\@input{TeXiS/TeXiS_dedic.aux}
(TeXiS/TeXiS_dedic.tex)
\@input{TeXiS/TeXiS_bib.aux}
(TeXiS/TeXiS_bib.tex))
\@input{constantes.aux}
(constantes.tex)
("C:\Program Files\MiKTeX 2.9\tex\latex\glossaries\base\glossaries.sty"
Package: glossaries 2015/09/09 v4.18 (NLCT)

("C:\Program Files\MiKTeX 2.9\tex\latex\base\ifthen.sty"
Package: ifthen 2014/09/29 v1.1c Standard LaTeX ifthen package (DPC)
)
("C:\Program Files\MiKTeX 2.9\tex\latex\xkeyval\xkeyval.sty"
Package: xkeyval 2014/12/03 v2.7a package option processing (HA)

("C:\Program Files\MiKTeX 2.9\tex\generic\xkeyval\xkeyval.tex"
("C:\Program Files\MiKTeX 2.9\tex\generic\xkeyval\xkvutils.tex"
\XKV@toks=\toks27
\XKV@tempa@toks=\toks28
)
\XKV@depth=\count134
File: xkeyval.tex 2014/12/03 v2.7a key=value parser (HA)
))
("C:\Program Files\MiKTeX 2.9\tex\latex\mfirstuc\mfirstuc.sty"
Package: mfirstuc 2015/09/09 v2.0 (NLCT)

("C:\Program Files\MiKTeX 2.9\tex\latex\etoolbox\etoolbox.sty"
Package: etoolbox 2015/08/02 v2.2a e-TeX tools for LaTeX (JAW)

("C:\Program Files\MiKTeX 2.9\tex\latex\misc\etex.sty"
Package: etex 2015/09/02 v2.4 eTeX basic definition package (PEB,DPC)
\et@xins=\count135
)
\etb@tempcnta=\count136
)
\@glsmfirst=\toks29
\@glsmrest=\toks30
)
("C:\Program Files\MiKTeX 2.9\tex\latex\textcase\textcase.sty"
Package: textcase 2004/10/07 v0.07 Text only upper/lower case changing (DPC)
)
("C:\Program Files\MiKTeX 2.9\tex\latex\xfor\xfor.sty"
Package: xfor 2009/02/05 v1.05 (NLCT)
)
("C:\Program Files\MiKTeX 2.9\tex\latex\datatool\datatool-base.sty"
Package: datatool-base 2015/07/11 v2.23 (NLCT)

("C:\Program Files\MiKTeX 2.9\tex\latex\amsmath\amsmath.sty"
Package: amsmath 2013/01/14 v2.14 AMS math features
\@mathmargin=\skip69

For additional information on amsmath, use the `?' option.
("C:\Program Files\MiKTeX 2.9\tex\latex\amsmath\amstext.sty"
Package: amstext 2000/06/29 v2.01

("C:\Program Files\MiKTeX 2.9\tex\latex\amsmath\amsgen.sty"
File: amsgen.sty 1999/11/30 v2.0
\@emptytoks=\toks31
\ex@=\dimen147
))
("C:\Program Files\MiKTeX 2.9\tex\latex\amsmath\amsbsy.sty"
Package: amsbsy 1999/11/29 v1.2d
\pmbraise@=\dimen148
)
("C:\Program Files\MiKTeX 2.9\tex\latex\amsmath\amsopn.sty"
Package: amsopn 1999/12/14 v2.01 operator names
)
\inf@bad=\count137
LaTeX Info: Redefining \frac on input line 210.
\uproot@=\count138
\leftroot@=\count139
LaTeX Info: Redefining \overline on input line 306.
\classnum@=\count140
\DOTSCASE@=\count141
LaTeX Info: Redefining \ldots on input line 378.
LaTeX Info: Redefining \dots on input line 381.
LaTeX Info: Redefining \cdots on input line 466.
\Mathstrutbox@=\box58
\strutbox@=\box59
\big@size=\dimen149
LaTeX Font Info:    Redeclaring font encoding OML on input line 566.
LaTeX Font Info:    Redeclaring font encoding OMS on input line 567.
\macc@depth=\count142
\c@MaxMatrixCols=\count143
\dotsspace@=\muskip11
\c@parentequation=\count144
\dspbrk@lvl=\count145
\tag@help=\toks32
\row@=\count146
\column@=\count147
\maxfields@=\count148
\andhelp@=\toks33
\eqnshift@=\dimen150
\alignsep@=\dimen151
\tagshift@=\dimen152
\tagwidth@=\dimen153
\totwidth@=\dimen154
\lineht@=\dimen155
\@envbody=\toks34
\multlinegap=\skip70
\multlinetaggap=\skip71
\mathdisplay@stack=\toks35
LaTeX Info: Redefining \[ on input line 2665.
LaTeX Info: Redefining \] on input line 2666.
)
("C:\Program Files\MiKTeX 2.9\tex\latex\substr\substr.sty"
Package: substr 2009/10/20 v1.2 Handle substrings
\c@su@anzahl=\count149
)
("C:\Program Files\MiKTeX 2.9\tex\latex\datatool\datatool-fp.sty"
Package: datatool-fp 2015/07/11 v2.23 (NLCT)

("C:\Program Files\MiKTeX 2.9\tex\latex\fp\fp.sty"
Package: fp 1995/04/02

`Fixed Point Package', Version 0.8, April 2, 1995 (C) Michael Mehlich
("C:\Program Files\MiKTeX 2.9\tex\latex\fp\defpattern.sty"
Package: defpattern 1994/10/12
\actioncount=\count150
)
("C:\Program Files\MiKTeX 2.9\tex\latex\fp\fp-basic.sty"
Package: fp-basic 1996/05/13
\FP@xs=\count151
\FP@xia=\count152
\FP@xib=\count153
\FP@xfa=\count154
\FP@xfb=\count155
\FP@rega=\count156
\FP@regb=\count157
\FP@regs=\count158
\FP@times=\count159
)
("C:\Program Files\MiKTeX 2.9\tex\latex\fp\fp-addons.sty"
Package: fp-addons 1995/03/15
)
("C:\Program Files\MiKTeX 2.9\tex\latex\fp\fp-snap.sty"
Package: fp-snap 1995/04/05
)
("C:\Program Files\MiKTeX 2.9\tex\latex\fp\fp-exp.sty"
Package: fp-exp 1995/04/03
)
("C:\Program Files\MiKTeX 2.9\tex\latex\fp\fp-trigo.sty"
Package: fp-trigo 1995/04/14
)
("C:\Program Files\MiKTeX 2.9\tex\latex\fp\fp-pas.sty"
Package: fp-pas 1994/08/29
)
("C:\Program Files\MiKTeX 2.9\tex\latex\fp\fp-random.sty"
Package: fp-random 1995/02/23
\FPseed=\count160
)
("C:\Program Files\MiKTeX 2.9\tex\latex\fp\fp-eqn.sty"
Package: fp-eqn 1995/04/03
)
("C:\Program Files\MiKTeX 2.9\tex\latex\fp\fp-upn.sty"
Package: fp-upn 1996/10/21
)
("C:\Program Files\MiKTeX 2.9\tex\latex\fp\fp-eval.sty"
Package: fp-eval 1995/04/03
)))
\@dtl@toks=\toks36
\@dtl@tmpcount=\count161
\dtl@tmplength=\skip72
\dtl@sortresult=\count162
\@dtl@numgrpsepcount=\count163
\@dtl@datatype=\count164
\dtl@codeA=\count165
\dtl@codeB=\count166
\@dtl@foreach@level=\count167
)
("C:\Program Files\MiKTeX 2.9\tex\latex\glossaries\base\glossaries-compatible-3
07.sty"
Package: glossaries-compatible-307 2015/09/09 v4.18 (NLCT)
) ("C:\Program Files\MiKTeX 2.9\tex\latex\tracklang\tracklang.sty"
Package: tracklang 2015/03/23 v1.2 (NLCT) Track Languages

("C:\Program Files\MiKTeX 2.9\tex\generic\tracklang\tracklang.tex"))
("C:\Program Files\MiKTeX 2.9\tex\latex\beamer\base\translator\translator.sty"
Package: translator 2010/06/12 ver 1.10

("C:\Program Files\MiKTeX 2.9\tex\latex\beamer\base\translator\translator-langu
age-mappings.tex"))
("C:\Program Files\MiKTeX 2.9\tex\latex\glossaries-english\glossaries-english.l
df"
File: glossaries-english.ldf 2014/11/23 v1.0
)
\gls@level=\count168
\@gls@tmpb=\toks37
\gls@tmplen=\skip73
\glskeylisttok=\toks38
\glslabeltok=\toks39
\glsshorttok=\toks40
\glslongtok=\toks41

("C:\Program Files\MiKTeX 2.9\tex\latex\glossaries\styles\glossary-hypernav.sty
"
Package: glossary-hypernav 2015/09/09 v4.18 (NLCT)
) ("C:\Program Files\MiKTeX 2.9\tex\latex\glossaries\styles\glossary-list.sty"
Package: glossary-list 2015/09/09 v4.18 (NLCT)
\glslistdottedwidth=\skip74
) ("C:\Program Files\MiKTeX 2.9\tex\latex\glossaries\styles\glossary-long.sty"
Package: glossary-long 2015/09/09 v4.18 (NLCT)

("C:\Program Files\MiKTeX 2.9\tex\latex\tools\longtable.sty"
Package: longtable 2014/10/28 v4.11 Multi-page Table package (DPC)
\LTleft=\skip75
\LTright=\skip76
\LTpre=\skip77
\LTpost=\skip78
\LTchunksize=\count169
\LTcapwidth=\dimen156
\LT@head=\box60
\LT@firsthead=\box61
\LT@foot=\box62
\LT@lastfoot=\box63
\LT@cols=\count170
\LT@rows=\count171
\c@LT@tables=\count172
\c@LT@chunks=\count173
\LT@p@ftn=\toks42
)
\glsdescwidth=\skip79
\glspagelistwidth=\skip80
)
("C:\Program Files\MiKTeX 2.9\tex\latex\glossaries\styles\glossary-super.sty"
Package: glossary-super 2015/09/09 v4.18 (NLCT)

("C:\Program Files\MiKTeX 2.9\tex\latex\supertabular\supertabular.sty"
Package: supertabular 2004/02/20 v4.1e the supertabular environment
\c@tracingst=\count174
\ST@wd=\dimen157
\ST@rightskip=\skip81
\ST@leftskip=\skip82
\ST@parfillskip=\skip83
\ST@pageleft=\dimen158
\ST@headht=\dimen159
\ST@tailht=\dimen160
\ST@pagesofar=\dimen161
\ST@pboxht=\dimen162
\ST@lineht=\dimen163
\ST@stretchht=\dimen164
\ST@prevht=\dimen165
\ST@toadd=\dimen166
\ST@dimen=\dimen167
\ST@pbox=\box64
))
("C:\Program Files\MiKTeX 2.9\tex\latex\glossaries\styles\glossary-tree.sty"
Package: glossary-tree 2015/09/09 v4.18 (NLCT)
\glstreeindent=\skip84
))
(Apendices/ApendiceGlosario.tex
\glswrite=\write5
\glo@main@file=\write6
Package glossaries Info: Writing glossary file Tesis.glo on input line 1.
)
Copyright Mat\IeC {\'\i }as Leonel Egea
(Tesis.aux (Cascaras/cover.aux) (Cascaras/resumen.aux)
(Cascaras/agradecimientos.aux) (TeXiS/TeXiS_toc.aux)
(Capitulos/Introduccion.aux) (Capitulos/Metodos.aux) (Capitulos/SetDeDatos.aux)
(Capitulos/Resultados.aux) (Capitulos/Conclusiones.aux)
(Apendices/ApendiceSetDeDatos.aux) (Apendices/ApendiceConfiguracion.aux)
(Cascaras/bibliografia.aux))
LaTeX Font Info:    Checking defaults for OML/cmm/m/it on input line 113.
LaTeX Font Info:    ... okay on input line 113.
LaTeX Font Info:    Checking defaults for T1/cmr/m/n on input line 113.
LaTeX Font Info:    ... okay on input line 113.
LaTeX Font Info:    Checking defaults for OT1/cmr/m/n on input line 113.
LaTeX Font Info:    ... okay on input line 113.
LaTeX Font Info:    Checking defaults for OMS/cmsy/m/n on input line 113.
LaTeX Font Info:    ... okay on input line 113.
LaTeX Font Info:    Checking defaults for OMX/cmex/m/n on input line 113.
LaTeX Font Info:    ... okay on input line 113.
LaTeX Font Info:    Checking defaults for U/cmr/m/n on input line 113.
LaTeX Font Info:    ... okay on input line 113.
LaTeX Font Info:    Checking defaults for TS1/cmr/m/n on input line 113.
LaTeX Font Info:    Try loading font information for TS1+cmr on input line 113.


("C:\Program Files\MiKTeX 2.9\tex\latex\base\ts1cmr.fd"
File: ts1cmr.fd 2014/09/29 v2.5h Standard LaTeX font definitions
)
LaTeX Font Info:    ... okay on input line 113.
LaTeX Font Info:    Checking defaults for PD1/pdf/m/n on input line 113.
LaTeX Font Info:    ... okay on input line 113.
Package caption Info: Begin \AtBeginDocument code.
Package caption Info: subfig package v1.3 is loaded.
Package caption Info: float package is loaded.
Package caption Info: hyperref package is loaded.
Package caption Info: listings package is loaded.
Package caption Info: longtable package is loaded.

("C:\Program Files\MiKTeX 2.9\tex\latex\caption\ltcaption.sty"
Package: ltcaption 2013/02/03 v1.3-62 longtable captions (AR)
)
Package caption Info: supertabular package is loaded.
Package caption Info: End \AtBeginDocument code.
\symgns@font=\mathgroup6
LaTeX Font Info:    Overwriting symbol font `gns@font' in version `bold'
(Font)                  TS1/cmr/m/n --> TS1/cmr/bx/n on input line 113.
Package gensymb Info: Math companion symbols declared on input line 113.
LaTeX Info: Redefining \degree on input line 113.
LaTeX Info: Redefining \celsius on input line 113.
Package gensymb Info: Using text companion symbols for \degree, \celsius and \p
erthousand on input line 113.
LaTeX Info: Redefining \ohm on input line 113.
Package gensymb Info: Using \textohm for \ohm on input line 113.
Package gensymb Info: Using \textmu for \micro on input line 113.
\AtBeginShipoutBox=\box65
Package hyperref Info: Link coloring OFF on input line 113.

("C:\Program Files\MiKTeX 2.9\tex\latex\hyperref\nameref.sty"
Package: nameref 2012/10/27 v2.43 Cross-referencing by name of section

("C:\Program Files\MiKTeX 2.9\tex\generic\oberdiek\gettitlestring.sty"
Package: gettitlestring 2010/12/03 v1.4 Cleanup title references (HO)
)
\c@section@level=\count175
)
LaTeX Info: Redefining \ref on input line 113.
LaTeX Info: Redefining \pageref on input line 113.
LaTeX Info: Redefining \nameref on input line 113.

(Tesis.out) (Tesis.out)
\@outlinefile=\write7
\c@lstlisting=\count176

("C:\Program Files\MiKTeX 2.9\tex\context\base\supp-pdf.mkii"
[Loading MPS to PDF converter (version 2006.09.02).]
\scratchcounter=\count177
\scratchdimen=\dimen168
\scratchbox=\box66
\nofMPsegments=\count178
\nofMParguments=\count179
\everyMPshowfont=\toks43
\MPscratchCnt=\count180
\MPscratchDim=\dimen169
\MPnumerator=\count181
\makeMPintoPDFobject=\count182
\everyMPtoPDFconversion=\toks44
) (guionado.tex) (Cascaras/cover.tex
\cambioIzquierdo=\skip85
\cambioDerecho=\skip86
\margenPortada=\skip87
\evensidemarginOriginal=\skip88
\oddsidemarginOriginal=\skip89
\longTitulo=\skip90

<Imagenes/Vectorial/logo_caratula.png, id=193, 186.2157pt x 186.2157pt>
File: Imagenes/Vectorial/logo_caratula.png Graphic file (type png)

<use Imagenes/Vectorial/logo_caratula.png>
Package pdftex.def Info: Imagenes/Vectorial/logo_caratula.png used on input lin
e 120.
(pdftex.def)             Requested size: 130.3501pt x 130.3501pt.
 [1

















{C:/ProgramData/MiKTeX/2.9/pdftex/config/pdftex.map} <./Imagenes/Vectorial/logo
_caratula.png>] [2]) [3]
(Cascaras/resumen.tex
Underfull \hbox (badness 10000) in paragraph at lines 10--11

 []


Underfull \hbox (badness 10000) in paragraph at lines 12--13

 []

) [4



] (Cascaras/agradecimientos.tex
Overfull \hbox (1.9589pt too wide) in paragraph at lines 52--53
[]\T1/cmr/m/n/10.95 Agradezco a mis padres, Ana y Daniel, por la ed-u-cación qu
e me brindaron,
 []

) [5



] (TeXiS/TeXiS_toc.tex (Tesis.toc
LaTeX Font Info:    Try loading font information for U+msa on input line 6.

("C:\Program Files\MiKTeX 2.9\tex\latex\amsfonts\umsa.fd"
File: umsa.fd 2013/01/14 v3.01 AMS symbols A
)
LaTeX Font Info:    Try loading font information for U+msb on input line 6.

("C:\Program Files\MiKTeX 2.9\tex\latex\amsfonts\umsb.fd"
File: umsb.fd 2013/01/14 v3.01 AMS symbols B
) [6



])
\tf@toc=\write8
 [7] (Tesis.lof
[8

])
\tf@lof=\write9
 [9]) (Capitulos/Introduccion.tex
Cap\'itulo 1.

Underfull \hbox (badness 10000) in paragraph at lines 10--11

 []


Underfull \hbox (badness 10000) in paragraph at lines 12--13

 []

[1




]
Underfull \hbox (badness 10000) in paragraph at lines 14--15

 []


Underfull \hbox (badness 10000) in paragraph at lines 16--17

 []


Underfull \hbox (badness 10000) in paragraph at lines 18--19

 []


Underfull \hbox (badness 10000) in paragraph at lines 20--21

 []

[2]) [3] (Capitulos/Metodos.tex
Cap\'itulo 2.

Underfull \hbox (badness 10000) in paragraph at lines 15--17

 []

<Imagenes/Bitmap/03/LDA.png, id=481, 480.29437pt x 304.88907pt>
File: Imagenes/Bitmap/03/LDA.png Graphic file (type png)

<use Imagenes/Bitmap/03/LDA.png>
Package pdftex.def Info: Imagenes/Bitmap/03/LDA.png used on input line 19.
(pdftex.def)             Requested size: 360.0pt x 228.53131pt.
 [4



] [5 <./Imagenes/Bitmap/03/LDA.png>]
<Imagenes/Bitmap/03/BN.png, id=513, 735.74875pt x 562.1pt>
File: Imagenes/Bitmap/03/BN.png Graphic file (type png)

<use Imagenes/Bitmap/03/BN.png>
Package pdftex.def Info: Imagenes/Bitmap/03/BN.png used on input line 40.
(pdftex.def)             Requested size: 360.0pt x 275.03687pt.

Underfull \hbox (badness 10000) in paragraph at lines 42--45

 []

[6 <./Imagenes/Bitmap/03/BN.png>]
<Imagenes/Bitmap/03/SVM.png, id=531, 555.57562pt x 545.78906pt>
File: Imagenes/Bitmap/03/SVM.png Graphic file (type png)

<use Imagenes/Bitmap/03/SVM.png>
Package pdftex.def Info: Imagenes/Bitmap/03/SVM.png used on input line 55.
(pdftex.def)             Requested size: 360.0pt x 353.65938pt.
 [7]
Underfull \hbox (badness 10000) in paragraph at lines 57--58

 []


Underfull \hbox (badness 10000) in paragraph at lines 59--66

 []

[8 <./Imagenes/Bitmap/03/SVM.png>]
Underfull \hbox (badness 10000) in paragraph at lines 73--77

 []

[9] <Imagenes/Bitmap/03/RF.png, id=583, 748.29562pt x 485.56406pt>
File: Imagenes/Bitmap/03/RF.png Graphic file (type png)

<use Imagenes/Bitmap/03/RF.png>
Package pdftex.def Info: Imagenes/Bitmap/03/RF.png used on input line 85.
(pdftex.def)             Requested size: 360.0pt x 233.60155pt.

Underfull \hbox (badness 10000) in paragraph at lines 87--88

 []

) [10 <./Imagenes/Bitmap/03/RF.png (PNG copy)>] [11] (Capitulos/SetDeDatos.tex
Cap\'itulo 3.

Underfull \hbox (badness 10000) in paragraph at lines 15--18

 []


Underfull \hbox (badness 10000) in paragraph at lines 15--18

 []

[12



]
Underfull \hbox (badness 10000) in paragraph at lines 28--32

 []


Underfull \hbox (badness 10000) in paragraph at lines 28--32

 []

<Imagenes/Bitmap/04/XeY.png, id=626, 397.485pt x 107.90312pt>
File: Imagenes/Bitmap/04/XeY.png Graphic file (type png)

<use Imagenes/Bitmap/04/XeY.png>
Package pdftex.def Info: Imagenes/Bitmap/04/XeY.png used on input line 54.
(pdftex.def)             Requested size: 360.0pt x 97.73097pt.

Underfull \hbox (badness 10000) in paragraph at lines 45--54

 []


Underfull \hbox (badness 10000) in paragraph at lines 45--54

 []

[13]
Underfull \hbox (badness 10000) in paragraph at lines 63--64

 []

[14 <./Imagenes/Bitmap/04/XeY.png>]
<Imagenes/Bitmap/04/Analisis_Mononeuronal_Matriz_de_Confusion.png, id=639, 411.
5375pt x 177.66376pt>
File: Imagenes/Bitmap/04/Analisis_Mononeuronal_Matriz_de_Confusion.png Graphic 
file (type png)

<use Imagenes/Bitmap/04/Analisis_Mononeuronal_Matriz_de_Confusion.png>
Package pdftex.def Info: Imagenes/Bitmap/04/Analisis_Mononeuronal_Matriz_de_Con
fusion.png used on input line 66.
(pdftex.def)             Requested size: 360.0pt x 155.41473pt.

Underfull \hbox (badness 10000) in paragraph at lines 68--69

 []


Underfull \hbox (badness 10000) in paragraph at lines 70--79

 []


Underfull \hbox (badness 10000) in paragraph at lines 70--79

 []


Underfull \hbox (badness 10000) in paragraph at lines 70--79

 []


Underfull \hbox (badness 10000) in paragraph at lines 70--79

 []


Underfull \hbox (badness 10000) in paragraph at lines 70--79

 []


Underfull \hbox (badness 10000) in paragraph at lines 70--79

 []


Underfull \hbox (badness 10000) in paragraph at lines 70--79

 []

[15 <./Imagenes/Bitmap/04/Analisis_Mononeuronal_Matriz_de_Confusion.png>]
Underfull \hbox (badness 10000) in paragraph at lines 80--82

 []

<Imagenes/Bitmap/11/VTA_individual.png, id=645, 1028.34187pt x 490.08093pt>
File: Imagenes/Bitmap/11/VTA_individual.png Graphic file (type png)

<use Imagenes/Bitmap/11/VTA_individual.png>
Package pdftex.def Info: Imagenes/Bitmap/11/VTA_individual.png used on input li
ne 84.
(pdftex.def)             Requested size: 360.0pt x 171.56828pt.

<Imagenes/Bitmap/11/PFC_individual.png, id=646, 1028.34187pt x 490.08093pt>
File: Imagenes/Bitmap/11/PFC_individual.png Graphic file (type png)

<use Imagenes/Bitmap/11/PFC_individual.png>
Package pdftex.def Info: Imagenes/Bitmap/11/PFC_individual.png used on input li
ne 87.
(pdftex.def)             Requested size: 360.0pt x 171.56828pt.

Underfull \hbox (badness 10000) in paragraph at lines 89--92

 []


Underfull \hbox (badness 10000) in paragraph at lines 89--92

 []

[16 <./Imagenes/Bitmap/11/VTA_individual.png> <./Imagenes/Bitmap/11/PFC_individ
ual.png>]
Underfull \hbox (badness 10000) in paragraph at lines 93--94

 []


Underfull \hbox (badness 10000) in paragraph at lines 93--94

 []


Underfull \hbox (badness 10000) in paragraph at lines 101--103

 []


Underfull \hbox (badness 10000) in paragraph at lines 101--103

 []


Underfull \hbox (badness 10000) in paragraph at lines 104--108

 []

[17]
<Imagenes/Bitmap/04/2neuronsclassification.png, id=660, 642.4pt x 612.2875pt>
File: Imagenes/Bitmap/04/2neuronsclassification.png Graphic file (type png)

<use Imagenes/Bitmap/04/2neuronsclassification.png>
Package pdftex.def Info: Imagenes/Bitmap/04/2neuronsclassification.png used on 
input line 110.
(pdftex.def)             Requested size: 360.0pt x 343.13092pt.

Underfull \hbox (badness 10000) in paragraph at lines 118--121

 []


Underfull \hbox (badness 10000) in paragraph at lines 118--121

 []


Underfull \hbox (badness 10000) in paragraph at lines 118--121

 []

[18 <./Imagenes/Bitmap/04/2neuronsclassification.png>]
<Imagenes/Bitmap/04/XeYPoblacional.png, id=666, 396.98312pt x 122.95938pt>
File: Imagenes/Bitmap/04/XeYPoblacional.png Graphic file (type png)

<use Imagenes/Bitmap/04/XeYPoblacional.png>
Package pdftex.def Info: Imagenes/Bitmap/04/XeYPoblacional.png used on input li
ne 123.
(pdftex.def)             Requested size: 360.0pt x 111.50668pt.

Underfull \hbox (badness 10000) in paragraph at lines 125--126

 []


Underfull \hbox (badness 10000) in paragraph at lines 125--126

 []

) [19 <./Imagenes/Bitmap/04/XeYPoblacional.png>] (Capitulos/Resultados.tex
Cap\'itulo 4.
(Capitulos/SeccionesResultados/Ventanas.tex
Underfull \hbox (badness 10000) in paragraph at lines 6--8

 []

<Imagenes/Bitmap/05/windows_time.png, id=675, 678.535pt x 148.555pt>
File: Imagenes/Bitmap/05/windows_time.png Graphic file (type png)

<use Imagenes/Bitmap/05/windows_time.png>
Package pdftex.def Info: Imagenes/Bitmap/05/windows_time.png used on input line
 10.
(pdftex.def)             Requested size: 360.0pt x 78.81537pt.

<Imagenes/Bitmap/05/XYmatrix.png, id=677, 565.36218pt x 591.71063pt>
File: Imagenes/Bitmap/05/XYmatrix.png Graphic file (type png)

<use Imagenes/Bitmap/05/XYmatrix.png>
Package pdftex.def Info: Imagenes/Bitmap/05/XYmatrix.png used on input line 16.

(pdftex.def)             Requested size: 323.9978pt x 339.10237pt.
 [20



 <./Imagenes/Bitmap/05/windows_time.png>] <Imagenes/Bitmap/05/LDA_run_time.png,
 id=683, 1445.4pt x 767.86874pt>
File: Imagenes/Bitmap/05/LDA_run_time.png Graphic file (type png)

<use Imagenes/Bitmap/05/LDA_run_time.png>
Package pdftex.def Info: Imagenes/Bitmap/05/LDA_run_time.png used on input line
 22.
(pdftex.def)             Requested size: 360.0pt x 191.25198pt.
 [21 <./Imagenes/Bitmap/05/XYmatrix.png>]
Underfull \hbox (badness 10000) in paragraph at lines 24--25

 []

) [22 <./Imagenes/Bitmap/05/LDA_run_time.png (PNG copy)>]
(Capitulos/SeccionesResultados/Iteraciones.tex
Underfull \hbox (badness 10000) in paragraph at lines 5--12

 []


Underfull \hbox (badness 10000) in paragraph at lines 5--12

 []

[23]
<Imagenes/Bitmap/06/LDA_line_run_paired.png, id=704, 1028.34187pt x 490.08093pt
>
File: Imagenes/Bitmap/06/LDA_line_run_paired.png Graphic file (type png)
 <use Imagenes/Bitmap/06/LDA_line_run_paired.png>
Package pdftex.def Info: Imagenes/Bitmap/06/LDA_line_run_paired.png used on inp
ut line 23.
(pdftex.def)             Requested size: 161.9989pt x 77.20311pt.

<Imagenes/Bitmap/06/BN_line_run_paired.png, id=705, 1028.34187pt x 490.08093pt>
File: Imagenes/Bitmap/06/BN_line_run_paired.png Graphic file (type png)
<use Imagenes/Bitmap/06/BN_line_run_paired.png>
Package pdftex.def Info: Imagenes/Bitmap/06/BN_line_run_paired.png used on inpu
t line 28.
(pdftex.def)             Requested size: 161.9989pt x 77.20311pt.

<Imagenes/Bitmap/06/SVM_line_run_paired.png, id=706, 1028.34187pt x 490.08093pt
>
File: Imagenes/Bitmap/06/SVM_line_run_paired.png Graphic file (type png)
 <use Imagenes/Bitmap/06/SVM_line_run_paired.png>
Package pdftex.def Info: Imagenes/Bitmap/06/SVM_line_run_paired.png used on inp
ut line 33.
(pdftex.def)             Requested size: 161.9989pt x 77.20311pt.

<Imagenes/Bitmap/06/RF_line_run_paired.png, id=707, 1028.34187pt x 490.08093pt>
File: Imagenes/Bitmap/06/RF_line_run_paired.png Graphic file (type png)
<use Imagenes/Bitmap/06/RF_line_run_paired.png>
Package pdftex.def Info: Imagenes/Bitmap/06/RF_line_run_paired.png used on inpu
t line 38.
(pdftex.def)             Requested size: 161.9989pt x 77.20311pt.

Underfull \hbox (badness 10000) in paragraph at lines 44--47

 []


<Imagenes/Bitmap/07/linear_comparation_all_bar_5000.png, id=710, 1445.4pt x 747
.54282pt>
File: Imagenes/Bitmap/07/linear_comparation_all_bar_5000.png Graphic file (type
 png)
 <use Imagenes/Bitmap/07/linear_comparation_all_bar_5000.png>
Package pdftex.def Info: Imagenes/Bitmap/07/linear_comparation_all_bar_5000.png
 used on input line 49.
(pdftex.def)             Requested size: 360.0pt x 186.18944pt.
 [24 <./Imagenes/Bitmap/06/LDA_line_run_paired.png> <./Imagenes/Bitmap/06/BN_li
ne_run_paired.png> <./Imagenes/Bitmap/06/SVM_line_run_paired.png (PNG copy)> <.
/Imagenes/Bitmap/06/RF_line_run_paired.png>]
<Imagenes/Bitmap/07/media_mayor_que.png, id=724, 519.44063pt x 222.8325pt>
File: Imagenes/Bitmap/07/media_mayor_que.png Graphic file (type png)

<use Imagenes/Bitmap/07/media_mayor_que.png>
Package pdftex.def Info: Imagenes/Bitmap/07/media_mayor_que.png used on input l
ine 58.
(pdftex.def)             Requested size: 360.0pt x 154.43462pt.
 [25 <./Imagenes/Bitmap/07/linear_comparation_all_bar_5000.png> <./Imagenes/Bit
map/07/media_mayor_que.png>]
<Imagenes/Bitmap/11/PFC_lda_line.png, id=734, 1028.34187pt x 490.08093pt>
File: Imagenes/Bitmap/11/PFC_lda_line.png Graphic file (type png)

<use Imagenes/Bitmap/11/PFC_lda_line.png>
Package pdftex.def Info: Imagenes/Bitmap/11/PFC_lda_line.png used on input line
 75.
(pdftex.def)             Requested size: 161.9989pt x 77.20311pt.

<Imagenes/Bitmap/11/PFC_bn_line.png, id=735, 1028.34187pt x 490.08093pt>
File: Imagenes/Bitmap/11/PFC_bn_line.png Graphic file (type png)

<use Imagenes/Bitmap/11/PFC_bn_line.png>
Package pdftex.def Info: Imagenes/Bitmap/11/PFC_bn_line.png used on input line 
80.
(pdftex.def)             Requested size: 161.9989pt x 77.20311pt.

<Imagenes/Bitmap/11/PFC_svm_line.png, id=736, 1028.34187pt x 490.08093pt>
File: Imagenes/Bitmap/11/PFC_svm_line.png Graphic file (type png)

<use Imagenes/Bitmap/11/PFC_svm_line.png>
Package pdftex.def Info: Imagenes/Bitmap/11/PFC_svm_line.png used on input line
 85.
(pdftex.def)             Requested size: 161.9989pt x 77.20311pt.

<Imagenes/Bitmap/11/PFC_rf_line.png, id=737, 1028.34187pt x 490.08093pt>
File: Imagenes/Bitmap/11/PFC_rf_line.png Graphic file (type png)

<use Imagenes/Bitmap/11/PFC_rf_line.png>
Package pdftex.def Info: Imagenes/Bitmap/11/PFC_rf_line.png used on input line 
90.
(pdftex.def)             Requested size: 161.9989pt x 77.20311pt.

Underfull \hbox (badness 10000) in paragraph at lines 97--98

 []

<Imagenes/Bitmap/11/PFC_all_bar_6000.png, id=738, 963.6pt x 484.81125pt>
File: Imagenes/Bitmap/11/PFC_all_bar_6000.png Graphic file (type png)

<use Imagenes/Bitmap/11/PFC_all_bar_6000.png>
Package pdftex.def Info: Imagenes/Bitmap/11/PFC_all_bar_6000.png used on input 
line 100.
(pdftex.def)             Requested size: 360.0pt x 181.12318pt.
 [26 <./Imagenes/Bitmap/11/PFC_lda_line.png> <./Imagenes/Bitmap/11/PFC_bn_line.
png> <./Imagenes/Bitmap/11/PFC_svm_line.png (PNG copy)> <./Imagenes/Bitmap/11/P
FC_rf_line.png>]
<Imagenes/Bitmap/11/PFC_all_bar_3600_3900.png, id=751, 963.6pt x 484.81125pt>
File: Imagenes/Bitmap/11/PFC_all_bar_3600_3900.png Graphic file (type png)

<use Imagenes/Bitmap/11/PFC_all_bar_3600_3900.png>
Package pdftex.def Info: Imagenes/Bitmap/11/PFC_all_bar_3600_3900.png used on i
nput line 105.
(pdftex.def)             Requested size: 360.0pt x 181.12318pt.

<Imagenes/Bitmap/07/media_mayor_que_PFC.png, id=753, 475.02469pt x 182.18062pt>
File: Imagenes/Bitmap/07/media_mayor_que_PFC.png Graphic file (type png)
<use Imagenes/Bitmap/07/media_mayor_que_PFC.png>
Package pdftex.def Info: Imagenes/Bitmap/07/media_mayor_que_PFC.png used on inp
ut line 110.
(pdftex.def)             Requested size: 360.0pt x 138.0723pt.
 [27 <./Imagenes/Bitmap/11/PFC_all_bar_6000.png> <./Imagenes/Bitmap/11/PFC_all_
bar_3600_3900.png>]
Underfull \hbox (badness 10000) in paragraph at lines 112--113

 []

) (Capitulos/SeccionesResultados/ConjReducido.tex
Underfull \hbox (badness 10000) in paragraph at lines 121--2

 []

[28 <./Imagenes/Bitmap/07/media_mayor_que_PFC.png>]
<Imagenes/Bitmap/08/linear_comparation_all.png, id=775, 1028.34187pt x 490.0809
3pt>
File: Imagenes/Bitmap/08/linear_comparation_all.png Graphic file (type png)
 <use Imagenes/Bitmap/08/linear_comparation_all.png>
Package pdftex.def Info: Imagenes/Bitmap/08/linear_comparation_all.png used on 
input line 14.
(pdftex.def)             Requested size: 161.9989pt x 77.20311pt.

<Imagenes/Bitmap/08/linear_comparation_34.png, id=776, 1028.34187pt x 490.08093
pt>
File: Imagenes/Bitmap/08/linear_comparation_34.png Graphic file (type png)
 <use Imagenes/Bitmap/08/linear_comparation_34.png>
Package pdftex.def Info: Imagenes/Bitmap/08/linear_comparation_34.png used on i
nput line 20.
(pdftex.def)             Requested size: 161.9989pt x 77.20311pt.

<Imagenes/Bitmap/08/linear_comparation_12.png, id=777, 1028.34187pt x 490.08093
pt>
File: Imagenes/Bitmap/08/linear_comparation_12.png Graphic file (type png)
 <use Imagenes/Bitmap/08/linear_comparation_12.png>
Package pdftex.def Info: Imagenes/Bitmap/08/linear_comparation_12.png used on i
nput line 25.
(pdftex.def)             Requested size: 161.9989pt x 77.20311pt.

<Imagenes/Bitmap/08/linear_comparation_14.png, id=778, 1028.34187pt x 490.08093
pt>
File: Imagenes/Bitmap/08/linear_comparation_14.png Graphic file (type png)
 <use Imagenes/Bitmap/08/linear_comparation_14.png>
Package pdftex.def Info: Imagenes/Bitmap/08/linear_comparation_14.png used on i
nput line 31.
(pdftex.def)             Requested size: 161.9989pt x 77.20311pt.

<Imagenes/Bitmap/08/linear_comparation_110.png, id=779, 1028.34187pt x 490.0809
3pt>
File: Imagenes/Bitmap/08/linear_comparation_110.png Graphic file (type png)
 <use Imagenes/Bitmap/08/linear_comparation_110.png>
Package pdftex.def Info: Imagenes/Bitmap/08/linear_comparation_110.png used on 
input line 36.
(pdftex.def)             Requested size: 161.9989pt x 77.20311pt.

<Imagenes/Bitmap/08/linear_comparation_120.png, id=780, 1028.34187pt x 490.0809
3pt>
File: Imagenes/Bitmap/08/linear_comparation_120.png Graphic file (type png)
 <use Imagenes/Bitmap/08/linear_comparation_120.png>
Package pdftex.def Info: Imagenes/Bitmap/08/linear_comparation_120.png used on 
input line 42.
(pdftex.def)             Requested size: 161.9989pt x 77.20311pt.

Underfull \hbox (badness 10000) in paragraph at lines 47--49

 []


Underfull \hbox (badness 10000) in paragraph at lines 47--49

 []

[29 <./Imagenes/Bitmap/08/linear_comparation_all.png> <./Imagenes/Bitmap/08/lin
ear_comparation_34.png> <./Imagenes/Bitmap/08/linear_comparation_12.png> <./Ima
genes/Bitmap/08/linear_comparation_14.png> <./Imagenes/Bitmap/08/linear_compara
tion_110.png (PNG copy)> <./Imagenes/Bitmap/08/linear_comparation_120.png>]
<Imagenes/Bitmap/08/bar_comparation.png, id=797, 1028.34187pt x 490.08093pt>
File: Imagenes/Bitmap/08/bar_comparation.png Graphic file (type png)

<use Imagenes/Bitmap/08/bar_comparation.png>
Package pdftex.def Info: Imagenes/Bitmap/08/bar_comparation.png used on input l
ine 53.
(pdftex.def)             Requested size: 360.0pt x 171.56828pt.

Underfull \hbox (badness 10000) in paragraph at lines 55--56

 []


Underfull \hbox (badness 10000) in paragraph at lines 57--59

 []

[30 <./Imagenes/Bitmap/08/bar_comparation.png (PNG copy)>]
<Imagenes/Bitmap/11/VTA_all_line_forbidden.png, id=805, 1028.34187pt x 490.0809
3pt>
File: Imagenes/Bitmap/11/VTA_all_line_forbidden.png Graphic file (type png)
 <use Imagenes/Bitmap/11/VTA_all_line_forbidden.png>
Package pdftex.def Info: Imagenes/Bitmap/11/VTA_all_line_forbidden.png used on 
input line 61.
(pdftex.def)             Requested size: 360.0pt x 171.56828pt.

Underfull \hbox (badness 10000) in paragraph at lines 63--64

 []


<Imagenes/Bitmap/11/VTA_all_bar_forbidden_5000.png, id=808, 963.6pt x 484.81125
pt>
File: Imagenes/Bitmap/11/VTA_all_bar_forbidden_5000.png Graphic file (type png)

 <use Imagenes/Bitmap/11/VTA_all_bar_forbidden_5000.png>
Package pdftex.def Info: Imagenes/Bitmap/11/VTA_all_bar_forbidden_5000.png used
 on input line 68.
(pdftex.def)             Requested size: 360.0pt x 181.12318pt.
 [31 <./Imagenes/Bitmap/11/VTA_all_line_forbidden.png (PNG copy)>]
Underfull \hbox (badness 10000) in paragraph at lines 70--71

 []


Underfull \hbox (badness 10000) in paragraph at lines 70--71

 []


<Imagenes/Bitmap/11/PFC_all_line_forbidden.png, id=815, 1028.34187pt x 490.0809
3pt>
File: Imagenes/Bitmap/11/PFC_all_line_forbidden.png Graphic file (type png)
 <use Imagenes/Bitmap/11/PFC_all_line_forbidden.png>
Package pdftex.def Info: Imagenes/Bitmap/11/PFC_all_line_forbidden.png used on 
input line 75.
(pdftex.def)             Requested size: 360.0pt x 171.56828pt.
 [32 <./Imagenes/Bitmap/11/VTA_all_bar_forbidden_5000.png>]
Underfull \hbox (badness 10000) in paragraph at lines 77--78

 []


Underfull \hbox (badness 10000) in paragraph at lines 79--80

 []


<Imagenes/Bitmap/11/PFC_all_bar_forbidden_6000.png, id=825, 963.6pt x 484.81125
pt>
File: Imagenes/Bitmap/11/PFC_all_bar_forbidden_6000.png Graphic file (type png)

 <use Imagenes/Bitmap/11/PFC_all_bar_forbidden_6000.png>
Package pdftex.def Info: Imagenes/Bitmap/11/PFC_all_bar_forbidden_6000.png used
 on input line 84.
(pdftex.def)             Requested size: 360.0pt x 181.12318pt.
 [33 <./Imagenes/Bitmap/11/PFC_all_line_forbidden.png (PNG copy)>]
<Imagenes/Bitmap/07/media_mayor_que_PFC_forbidden.png, id=830, 474.27188pt x 18
2.18062pt>
File: Imagenes/Bitmap/07/media_mayor_que_PFC_forbidden.png Graphic file (type p
ng)
 <use Imagenes/Bitmap/07/media_mayor_que_PFC_forbidden.png>
Package pdftex.def Info: Imagenes/Bitmap/07/media_mayor_que_PFC_forbidden.png u
sed on input line 89.
(pdftex.def)             Requested size: 360.0pt x 138.28912pt.
)
(Capitulos/SeccionesResultados/VentanaReducida.tex [34 <./Imagenes/Bitmap/11/PF
C_all_bar_forbidden_6000.png> <./Imagenes/Bitmap/07/media_mayor_que_PFC_forbidd
en.png>] [35]
Underfull \hbox (badness 10000) in paragraph at lines 5--6

 []


Underfull \hbox (badness 10000) in paragraph at lines 7--8

 []


<Imagenes/Bitmap/09/window_change_from_4000_RF.png, id=845, 1445.4pt x 747.5428
2pt>
File: Imagenes/Bitmap/09/window_change_from_4000_RF.png Graphic file (type png)

 <use Imagenes/Bitmap/09/window_change_from_4000_RF.png>
Package pdftex.def Info: Imagenes/Bitmap/09/window_change_from_4000_RF.png used
 on input line 10.
(pdftex.def)             Requested size: 360.0pt x 186.18944pt.
 [36 <./Imagenes/Bitmap/09/window_change_from_4000_RF.png (PNG copy)>]
<Imagenes/Bitmap/09/window_vs_RF.png, id=851, 1445.4pt x 747.54282pt>
File: Imagenes/Bitmap/09/window_vs_RF.png Graphic file (type png)

<use Imagenes/Bitmap/09/window_vs_RF.png>
Package pdftex.def Info: Imagenes/Bitmap/09/window_vs_RF.png used on input line
 15.
(pdftex.def)             Requested size: 360.0pt x 186.18944pt.
)
(Capitulos/SeccionesResultados/Aplicaciones.tex [37 <./Imagenes/Bitmap/09/windo
w_vs_RF.png (PNG copy)>]
Underfull \hbox (badness 10000) in paragraph at lines 5--8

 []

<Imagenes/Bitmap/10/mixed_tongue_bar.png, id=858, 1445.4pt x 705.38531pt>
File: Imagenes/Bitmap/10/mixed_tongue_bar.png Graphic file (type png)

<use Imagenes/Bitmap/10/mixed_tongue_bar.png>
Package pdftex.def Info: Imagenes/Bitmap/10/mixed_tongue_bar.png used on input 
line 12.
(pdftex.def)             Requested size: 360.0pt x 175.68933pt.

<Imagenes/Bitmap/10/significancia.png, id=860, 302.12875pt x 172.645pt>
File: Imagenes/Bitmap/10/significancia.png Graphic file (type png)

<use Imagenes/Bitmap/10/significancia.png>
Package pdftex.def Info: Imagenes/Bitmap/10/significancia.png used on input lin
e 21.
(pdftex.def)             Requested size: 360.0pt x 205.71614pt.
 [38 <./Imagenes/Bitmap/10/mixed_tongue_bar.png>])) [39 <./Imagenes/Bitmap/10/s
ignificancia.png>]
(Capitulos/Conclusiones.tex
Cap\'itulo 5.

Underfull \hbox (badness 10000) in paragraph at lines 9--10

 []


Underfull \hbox (badness 10000) in paragraph at lines 11--12

 []


Underfull \hbox (badness 10000) in paragraph at lines 13--15

 []

[40



]
Underfull \hbox (badness 10000) in paragraph at lines 16--17

 []


Underfull \hbox (badness 10000) in paragraph at lines 18--19

 []

[41]) [42] (Apendices/ApendiceSetDeDatos.tex
Ap\'endice A.
[43



]
Overfull \hbox (18.97075pt too wide) in paragraph at lines 40--43
\T1/cmr/m/n/10.95 Los an-i-males fueron aneste-si-a-dos us-ando ke-tam-i-na/x-i
-laz-ina ($\OT1/cmr/m/n/10.95 75\OML/cmm/m/it/10.95 mg=kg$\T1/cmr/m/n/10.95 , $
\OT1/cmr/m/n/10.95 10\OML/cmm/m/it/10.95 mg=kg$\T1/cmr/m/n/10.95 ,
 []


Overfull \hbox (20.18225pt too wide) in paragraph at lines 47--50
\T1/cmr/m/n/10.95 Los haces de elec-tro-dos fueron con-stru-i-dos jun-tando tre
s cánu-las con cianoacrilato
 []

[44]
Underfull \hbox (badness 10000) in paragraph at lines 56--64

 []


Underfull \hbox (badness 10000) in paragraph at lines 56--64

 []


Underfull \hbox (badness 10000) in paragraph at lines 56--64

 []

)
Underfull \hbox (badness 10000) in paragraph at lines 70--151

 []


Underfull \hbox (badness 10000) in paragraph at lines 70--151

 []


Underfull \hbox (badness 10000) in paragraph at lines 70--151

 []


Underfull \hbox (badness 10000) in paragraph at lines 70--151

 []


Underfull \hbox (badness 10000) in paragraph at lines 70--151

 []

[45] [46] (Apendices/ApendiceConfiguracion.tex
Ap\'endice B.

Overfull \hbox (14.44502pt too wide) in paragraph at lines 7--7
|\T1/cmr/bx/n/20.74 Configuración de los al-go-rit-mos es-tadís-
 []


Underfull \hbox (badness 10000) in paragraph at lines 10--12

 []


Underfull \hbox (badness 10000) in paragraph at lines 19--24

 []


Underfull \hbox (badness 10000) in paragraph at lines 27--32

 []

[47



]
Underfull \hbox (badness 10000) in paragraph at lines 36--44

 []


Underfull \hbox (badness 10000) in paragraph at lines 36--44

 []


Underfull \hbox (badness 10000) in paragraph at lines 36--44

 []

)
Underfull \hbox (badness 10000) in paragraph at lines 51--152

 []

[48] (Cascaras/bibliografia.tex (Tesis.bbl [49




] [50] [51]
Underfull \hbox (badness 1748) in paragraph at lines 272--278
[]\T1/cmr/m/sc/10.95 Vogelstein, R. J.\T1/cmr/m/n/10.95 , \T1/cmr/m/sc/10.95 Mu
-rari, K.\T1/cmr/m/n/10.95 , \T1/cmr/m/sc/10.95 Thakur, P. H.\T1/cmr/m/n/10.95 
, \T1/cmr/m/sc/10.95 Diehl, C.\T1/cmr/m/n/10.95 ,
 []

)) [52] (Tesis.gls
Overfull \hbox (6.37398pt too wide) in paragraph at lines 5--5
[]\T1/cmr/m/n/10.95 Son meto-dos de....
 []

)
Package atveryend Info: Empty hook `BeforeClearDocument' on input line 199.
 [53



]
Package atveryend Info: Empty hook `AfterLastShipout' on input line 199.
 (Tesis.aux (Cascaras/cover.aux) (Cascaras/resumen.aux)
(Cascaras/agradecimientos.aux) (TeXiS/TeXiS_toc.aux)
(Capitulos/Introduccion.aux) (Capitulos/Metodos.aux) (Capitulos/SetDeDatos.aux)
(Capitulos/Resultados.aux) (Capitulos/Conclusiones.aux)
(Apendices/ApendiceSetDeDatos.aux) (Apendices/ApendiceConfiguracion.aux)
(Cascaras/bibliografia.aux))
Package atveryend Info: Executing hook `AtVeryEndDocument' on input line 199.
Package atveryend Info: Executing hook `AtEndAfterFileList' on input line 199.
Package rerunfilecheck Info: File `Tesis.out' has not changed.
(rerunfilecheck)             Checksum: 2AE37AF9A508218DA01E1A7246709626;3256.
Package atveryend Info: Empty hook `AtVeryVeryEnd' on input line 199.
 ) 
Here is how much of TeX's memory you used:
 16688 strings out of 493698
 253823 string characters out of 3144406
 407117 words of memory out of 3000000
 19059 multiletter control sequences out of 15000+200000
 21239 words of font info for 51 fonts, out of 3000000 for 9000
 1263 hyphenation exceptions out of 8191
 46i,11n,88p,1978b,543s stack positions out of 5000i,500n,10000p,200000b,50000s
 <C:\Users\PZandMO\AppData\Local\MiKTeX\2.9\fonts\pk\ljfour\jknappen\ec\dpi60
0\ecrm0900.pk> <C:\Users\PZandMO\AppData\Local\MiKTeX\2.9\fonts\pk\ljfour\jknap
pen\ec\dpi600\ecbi1095.pk> <C:\Users\PZandMO\AppData\Local\MiKTeX\2.9\fonts\pk\
ljfour\jknappen\ec\dpi600\ecbx1440.pk> <C:\Users\PZandMO\AppData\Local\MiKTeX\2
.9\fonts\pk\ljfour\jknappen\ec\dpi600\tcrm1095.pk> <C:\Users\PZandMO\AppData\Lo
cal\MiKTeX\2.9\fonts\pk\ljfour\jknappen\ec\dpi600\eccc1095.pk> <C:\Users\PZandM
O\AppData\Local\MiKTeX\2.9\fonts\pk\ljfour\jknappen\ec\dpi600\ecbx1095.pk> <C:\
Users\PZandMO\AppData\Local\MiKTeX\2.9\fonts\pk\ljfour\jknappen\ec\dpi600\ecti1
095.pk> <C:\Users\PZandMO\AppData\Local\MiKTeX\2.9\fonts\pk\ljfour\jknappen\ec\
dpi600\ecrm1095.pk> <C:\Users\PZandMO\AppData\Local\MiKTeX\2.9\fonts\pk\ljfour\
jknappen\ec\dpi600\ecrm2488.pk> <C:\Users\PZandMO\AppData\Local\MiKTeX\2.9\font
s\pk\ljfour\jknappen\ec\dpi600\ecti1200.pk> <C:\Users\PZandMO\AppData\Local\MiK
TeX\2.9\fonts\pk\ljfour\jknappen\ec\dpi600\ecbx1200.pk> <C:\Users\PZandMO\AppDa
ta\Local\MiKTeX\2.9\fonts\pk\ljfour\jknappen\ec\dpi600\ecti1440.pk> <C:\Users\P
ZandMO\AppData\Local\MiKTeX\2.9\fonts\pk\ljfour\jknappen\ec\dpi600\ecbx2074.pk>
<C:/Program Files/MiKTeX 2.9/fonts/type1/public/amsfonts/cm/cmmi10.pfb><C:/Prog
ram Files/MiKTeX 2.9/fonts/type1/public/amsfonts/cm/cmmi8.pfb><C:/Program Files
/MiKTeX 2.9/fonts/type1/public/amsfonts/cm/cmr10.pfb><C:/Program Files/MiKTeX 2
.9/fonts/type1/public/amsfonts/cm/cmr8.pfb><C:/Program Files/MiKTeX 2.9/fonts/t
ype1/public/amsfonts/cm/cmsy10.pfb><C:/Program Files/MiKTeX 2.9/fonts/type1/pub
lic/amsfonts/cm/cmsy8.pfb><C:/Program Files/MiKTeX 2.9/fonts/type1/public/amsfo
nts/symbols/msbm10.pfb>
Output written on Tesis.pdf (62 pages, 2113223 bytes).
PDF statistics:
 1563 PDF objects out of 1728 (max. 8388607)
 226 named destinations out of 1000 (max. 500000)
 592 words of extra memory for PDF output out of 10000 (max. 10000000)

