\BOOKMARK [0][-]{titulo.0}{P\341gina de T\355tulo}{}% 1
\BOOKMARK [0][-]{chapter*.1}{Resumen}{}% 2
\BOOKMARK [0][-]{chapter*.2}{Agradecimientos}{}% 3
\BOOKMARK [0][-]{indices.0}{\315ndices}{}% 4
\BOOKMARK [1][-]{tabla de contenidos.1}{Tabla de contenidos}{indices.0}% 5
\BOOKMARK [1][-]{indice de figuras.1}{\315ndice de figuras}{indices.0}% 6
\BOOKMARK [0][-]{chapter.1}{Introducci\363n}{}% 7
\BOOKMARK [0][-]{chapter.2}{M\351todos de clasificaci\363n}{}% 8
\BOOKMARK [1][-]{section.2.1}{Discriminante Lineal de Fisher}{chapter.2}% 9
\BOOKMARK [1][-]{section.2.2}{Bayes Naive}{chapter.2}% 10
\BOOKMARK [1][-]{section.2.3}{SVM}{chapter.2}% 11
\BOOKMARK [1][-]{section.2.4}{Random Forest}{chapter.2}% 12
\BOOKMARK [0][-]{chapter.3}{Set de datos}{}% 13
\BOOKMARK [1][-]{section.3.1}{Origen de los Datos}{chapter.3}% 14
\BOOKMARK [1][-]{section.3.2}{Selecci\363n de Features}{chapter.3}% 15
\BOOKMARK [2][-]{subsection.3.2.1}{An\341lisis de neurona \372nica}{section.3.2}% 16
\BOOKMARK [2][-]{subsection.3.2.2}{An\341lisis poblacional}{section.3.2}% 17
\BOOKMARK [0][-]{chapter.4}{Resultados}{}% 18
\BOOKMARK [1][-]{section.4.1}{Evoluci\363n temporal}{chapter.4}% 19
\BOOKMARK [1][-]{section.4.2}{Variabilidad en la decodificaci\363n}{chapter.4}% 20
\BOOKMARK [2][-]{subsection.4.2.1}{\301rea Tegmental Ventral}{section.4.2}% 21
\BOOKMARK [2][-]{subsection.4.2.2}{Corteza PreFrontal}{section.4.2}% 22
\BOOKMARK [2][-]{subsection.4.2.3}{Conclusiones}{section.4.2}% 23
\BOOKMARK [1][-]{section.4.3}{Dependencia tama\361o poblacional}{chapter.4}% 24
\BOOKMARK [2][-]{subsection.4.3.1}{Conclusi\363n}{section.4.3}% 25
\BOOKMARK [1][-]{section.4.4}{Impacto al variar la longitud de ventana}{chapter.4}% 26
\BOOKMARK [2][-]{subsection.4.4.1}{Conclusi\363n}{section.4.4}% 27
\BOOKMARK [1][-]{section.4.5}{Predicci\363n del comportamiento}{chapter.4}% 28
\BOOKMARK [2][-]{subsection.4.5.1}{Conclusi\363n}{section.4.5}% 29
\BOOKMARK [0][-]{chapter.5}{Conclusiones}{}% 30
\BOOKMARK [0][-]{Apéndice.alph1.Alph1}{Ap\351ndice Set de datos}{}% 31
\BOOKMARK [1][-]{section.alph1.Alph1.1}{Origen}{Apéndice.alph1.Alph1}% 32
\BOOKMARK [2][-]{subsection.alph1.Alph1.1.1}{Procedimientos experimentales}{section.alph1.Alph1.1}% 33
\BOOKMARK [2][-]{subsection.alph1.Alph1.1.2}{Animales}{section.alph1.Alph1.1}% 34
\BOOKMARK [2][-]{subsection.alph1.Alph1.1.3}{Manipulaci\363n Pre-quir\372rgica}{section.alph1.Alph1.1}% 35
\BOOKMARK [2][-]{subsection.alph1.Alph1.1.4}{Dispositivos de fijaci\363n a la cabeza}{section.alph1.Alph1.1}% 36
\BOOKMARK [2][-]{subsection.alph1.Alph1.1.5}{Cirug\355a}{section.alph1.Alph1.1}% 37
\BOOKMARK [2][-]{subsection.alph1.Alph1.1.6}{Electrodos y adquisici\363n de los datos}{section.alph1.Alph1.1}% 38
\BOOKMARK [1][-]{section.alph1.Alph1.2}{Formato y distribuci\363n}{Apéndice.alph1.Alph1}% 39
\BOOKMARK [1][-]{section.alph1.Alph1.3}{Observaciones y an\341lisis}{Apéndice.alph1.Alph1}% 40
\BOOKMARK [0][-]{Apéndice.alph1.Alph2}{Ap\351ndice Configuraci\363n de los algoritmos}{}% 41
\BOOKMARK [1][-]{section.alph1.Alph2.1}{LDA}{Apéndice.alph1.Alph2}% 42
\BOOKMARK [1][-]{section.alph1.Alph2.2}{Bayes-Naive}{Apéndice.alph1.Alph2}% 43
\BOOKMARK [1][-]{section.alph1.Alph2.3}{An\341lisis con SVM}{Apéndice.alph1.Alph2}% 44
\BOOKMARK [1][-]{section.alph1.Alph2.4}{An\341lisis con Random Forest}{Apéndice.alph1.Alph2}% 45
\BOOKMARK [0][-]{chapter*.36}{Bibliograf\355a}{}% 46
